Plugins:
Bundled analyzers:
  - JaCoCo 1.3.0.1538 (jacoco)
  - IaC Code Quality and Security 1.50.0.16452 (iac)
  - Text Code Quality and Security 2.30.0.8328 (text)
  - Clean as You Code 2.4.0.2018 (cayc)
Global server settings:
  - sonar.azureresourcemanager.file.suffixes=.bicep
  - sonar.core.id=86E1FA4D-AZoMC63xttMH2wbf4waz
  - sonar.core.startTime=2025-10-27T09:16:37+0100
  - sonar.cs.file.suffixes=.cs,.razor
  - sonar.css.file.suffixes=.css,.less,.scss,.sass
  - sonar.docker.file.patterns=Dockerfile,*.dockerfile
  - sonar.flex.file.suffixes=as
  - sonar.forceAuthentication=true
  - sonar.go.file.suffixes=.go
  - sonar.html.file.suffixes=.html,.xhtml,.cshtml,.vbhtml,.aspx,.ascx,.rhtml,.erb,.shtm,.shtml,.cmp,.twig
  - sonar.ipynb.file.suffixes=ipynb
  - sonar.java.file.suffixes=.java,.jav
  - sonar.java.jvmframeworkconfig.file.patterns=**/src/main/resources/**/*app*.properties,**/src/main/resources/**/*app*.yaml,**/src/main/resources/**/*app*.yml
  - sonar.javascript.file.suffixes=.js,.jsx,.cjs,.mjs,.vue
  - sonar.json.file.suffixes=.json
  - sonar.jsp.file.suffixes=.jsp,.jspf,.jspx
  - sonar.kotlin.file.suffixes=.kt,.kts
  - sonar.multi-quality-mode.enabled=true
  - sonar.php.file.suffixes=php,php3,php4,php5,phtml,inc
  - sonar.python.file.suffixes=py
  - sonar.qualityProfiles.allowDisableInheritedRules=true
  - sonar.ruby.file.suffixes=.rb
  - sonar.rust.file.suffixes=.rs
  - sonar.scala.file.suffixes=.scala
  - sonar.terraform.file.suffixes=.tf
  - sonar.typescript.file.suffixes=.ts,.tsx,.cts,.mts
  - sonar.vbnet.file.suffixes=.vb
  - sonar.xml.file.suffixes=.xml,.xsd,.xsl,.config
  - sonar.yaml.file.suffixes=.yaml,.yml
Project server settings:
  - sonar.azureresourcemanager.file.suffixes=.bicep
  - sonar.cs.file.suffixes=.cs,.razor
  - sonar.css.file.suffixes=.css,.less,.scss,.sass
  - sonar.docker.file.patterns=Dockerfile,*.dockerfile
  - sonar.flex.file.suffixes=as
  - sonar.go.file.suffixes=.go
  - sonar.html.file.suffixes=.html,.xhtml,.cshtml,.vbhtml,.aspx,.ascx,.rhtml,.erb,.shtm,.shtml,.cmp,.twig
  - sonar.ipynb.file.suffixes=ipynb
  - sonar.java.file.suffixes=.java,.jav
  - sonar.java.jvmframeworkconfig.file.patterns=**/src/main/resources/**/*app*.properties,**/src/main/resources/**/*app*.yaml,**/src/main/resources/**/*app*.yml
  - sonar.javascript.file.suffixes=.js,.jsx,.cjs,.mjs,.vue
  - sonar.json.file.suffixes=.json
  - sonar.jsp.file.suffixes=.jsp,.jspf,.jspx
  - sonar.kotlin.file.suffixes=.kt,.kts
  - sonar.php.file.suffixes=php,php3,php4,php5,phtml,inc
  - sonar.python.file.suffixes=py
  - sonar.ruby.file.suffixes=.rb
  - sonar.rust.file.suffixes=.rs
  - sonar.scala.file.suffixes=.scala
  - sonar.terraform.file.suffixes=.tf
  - sonar.typescript.file.suffixes=.ts,.tsx,.cts,.mts
  - sonar.vbnet.file.suffixes=.vb
  - sonar.xml.file.suffixes=.xml,.xsd,.xsl,.config
  - sonar.yaml.file.suffixes=.yaml,.yml
Project scanner properties:
  - sonar.coverage.exclusions=**
  - sonar.cpd.exclusions=**
  - sonar.exclusions=**/node_modules/**, **/*.js, **/*.d.ts
  - sonar.host.url=https://sonar.rulope.com
  - sonar.language=ts
  - sonar.projectBaseDir=D:\repos\BAM-Behavior-Annotation-Model
  - sonar.projectKey=BAM
  - sonar.projectName=BAM Behavior Annotation Model
  - sonar.projectVersion=1.0
  - sonar.scanner.app=ScannerCli
  - sonar.scanner.appVersion=3.1.0.1141
  - sonar.scanner.home=C:\Users\ruben\AppData\Roaming\npm\node_modules\sonar-scanner\bin\..
  - sonar.sourceEncoding=windows-1252
  - sonar.sources=helpers
  - sonar.tests=tests
  - sonar.token=******
  - sonar.typescript.tsconfigPath=tsconfig.json
  - sonar.verbose=true
  - sonar.working.directory=D:\repos\BAM-Behavior-Annotation-Model\.scannerwork
